[INFO] 2021-02-07 14:22:36,299 >>	=== XGB MODEL LOGGING STARTED ===
[INFO] 2021-02-07 14:22:36,300 >>	PARAMS: {'model_name': 'base_model', 'num_round': 10}
[INFO] 2021-02-07 14:22:36,415 >>	ACCURACY: 0.8181818181818182
[INFO] 2021-02-07 14:22:36,416 >>	LOGLOSS: 0.43778297150827417
[INFO] 2021-02-07 14:22:36,417 >>	data size: 891
[INFO] 2021-02-07 14:22:36,417 >>	correct predictions: 729
[INFO] 2021-02-07 14:22:36,418 >>	
[INFO] 2021-02-07 14:22:36,566 >>	=== XGB MODEL LOGGING STARTED ===
[INFO] 2021-02-07 14:22:36,568 >>	PARAMS: {'model_name': 'without_emberked_col', 'num_round': 10}
[INFO] 2021-02-07 14:22:36,691 >>	ACCURACY: 0.8181818181818182
[INFO] 2021-02-07 14:22:36,692 >>	LOGLOSS: 0.44077309764143996
[INFO] 2021-02-07 14:22:36,692 >>	data size: 891
[INFO] 2021-02-07 14:22:36,693 >>	correct predictions: 729
[INFO] 2021-02-07 14:22:36,694 >>	
[INFO] 2021-02-07 14:22:36,819 >>	=== XGB MODEL LOGGING STARTED ===
[INFO] 2021-02-07 14:22:36,820 >>	PARAMS: {'model_name': 'with_age_group_col', 'num_round': 10}
[INFO] 2021-02-07 14:22:36,929 >>	ACCURACY: 0.8181818181818182
[INFO] 2021-02-07 14:22:36,930 >>	LOGLOSS: 0.43778297150827417
[INFO] 2021-02-07 14:22:36,930 >>	data size: 891
[INFO] 2021-02-07 14:22:36,931 >>	correct predictions: 729
[INFO] 2021-02-07 14:22:36,932 >>	
[INFO] 2021-02-07 14:22:37,527 >>	=== XGB MODEL LOGGING STARTED ===
[INFO] 2021-02-07 14:22:37,528 >>	PARAMS: {'model_name': 'with_age_group_col_and_more_num_rounds', 'num_round': 15}
[INFO] 2021-02-07 14:22:37,643 >>	ACCURACY: 0.813692480359147
[INFO] 2021-02-07 14:22:37,644 >>	LOGLOSS: 0.4540425585102035
[INFO] 2021-02-07 14:22:37,644 >>	data size: 891
[INFO] 2021-02-07 14:22:37,645 >>	correct predictions: 725
[INFO] 2021-02-07 14:22:37,646 >>	
[INFO] 2021-02-07 14:22:37,694 >>	=== XGB SKLEARN MODEL LOGGING STARTED ===
[INFO] 2021-02-07 14:22:37,695 >>	PARAMS: {'model_name': 'sklearn', 'n_estimator': 15, 'learning_rate': 0.2, 'max_depth': None}
[INFO] 2021-02-07 14:22:37,784 >>	ACCURACY: 0.819304152637486
[INFO] 2021-02-07 14:22:37,784 >>	LOGLOSS: 2.9124730334852402
[INFO] 2021-02-07 14:22:37,785 >>	data size: 891
[INFO] 2021-02-07 14:22:37,786 >>	correct predictions: 730
[INFO] 2021-02-07 14:22:37,786 >>	
[INFO] 2021-02-07 14:22:38,046 >>	=== XGB SKLEARN MODEL LOGGING STARTED ===
[INFO] 2021-02-07 14:22:38,047 >>	PARAMS: {'model_name': 'slearn', 'n_estimator': 100, 'learning_rate': 0.03, 'max_depth': None}
[INFO] 2021-02-07 14:22:38,284 >>	ACCURACY: 0.819304152637486
[INFO] 2021-02-07 14:22:38,285 >>	LOGLOSS: 2.9124730334828772
[INFO] 2021-02-07 14:22:38,286 >>	data size: 891
[INFO] 2021-02-07 14:22:38,286 >>	correct predictions: 730
[INFO] 2021-02-07 14:22:38,287 >>	
[INFO] 2021-02-07 14:22:38,596 >>	=== XGB SKLEARN MODEL LOGGING STARTED ===
[INFO] 2021-02-07 14:22:38,596 >>	PARAMS: {'model_name': 'sklearn_without_passenger_id', 'n_estimator': 20, 'learning_rate': 0.2, 'max_depth': None}
[INFO] 2021-02-07 14:22:38,709 >>	ACCURACY: 0.8226711560044894
[INFO] 2021-02-07 14:22:38,710 >>	LOGLOSS: 2.858203351492528
[INFO] 2021-02-07 14:22:38,711 >>	data size: 891
[INFO] 2021-02-07 14:22:38,719 >>	correct predictions: 733
[INFO] 2021-02-07 14:22:38,721 >>	
[INFO] 2021-02-07 14:27:22,077 >>	=== XGB SKLEARN MODEL ===
[INFO] 2021-02-07 14:27:22,078 >>	PARAMS: {'model_name': 'grid_search', 'n_estimator': 5, 'learning_rate': 0.2, 'max_depth': 5}
[INFO] 2021-02-07 14:27:22,126 >>	ACCURACY: 0.8215488215488216
[INFO] 2021-02-07 14:27:22,127 >>	LOGLOSS: 2.8762932454855696
[INFO] 2021-02-07 14:27:22,128 >>	data size: 891
[INFO] 2021-02-07 14:27:22,128 >>	correct predictions: 732
[INFO] 2021-02-07 14:27:22,129 >>	
[INFO] 2021-02-07 14:27:22,177 >>	=== XGB SKLEARN MODEL ===
[INFO] 2021-02-07 14:27:22,178 >>	PARAMS: {'model_name': 'grid_search', 'n_estimator': 60, 'learning_rate': 0.1, 'max_depth': 5}
[INFO] 2021-02-07 14:27:22,309 >>	ACCURACY: 0.8271604938271605
[INFO] 2021-02-07 14:27:22,310 >>	LOGLOSS: 2.78584377550382
[INFO] 2021-02-07 14:27:22,311 >>	data size: 891
[INFO] 2021-02-07 14:27:22,311 >>	correct predictions: 737
[INFO] 2021-02-07 14:27:22,312 >>	
[INFO] 2021-02-07 14:27:22,360 >>	=== XGB SKLEARN MODEL ===
[INFO] 2021-02-07 14:27:22,361 >>	PARAMS: {'model_name': 'grid_search', 'n_estimator': 100, 'learning_rate': 0.1, 'max_depth': 5}
[INFO] 2021-02-07 14:27:22,553 >>	ACCURACY: 0.8170594837261503
[INFO] 2021-02-07 14:27:22,554 >>	LOGLOSS: 2.9486528214766405
[INFO] 2021-02-07 14:27:22,555 >>	data size: 891
[INFO] 2021-02-07 14:27:22,556 >>	correct predictions: 728
[INFO] 2021-02-07 14:27:22,556 >>	
[INFO] 2021-02-07 14:27:22,603 >>	=== XGB SKLEARN MODEL ===
[INFO] 2021-02-07 14:27:22,604 >>	PARAMS: {'model_name': 'grid_search', 'n_estimator': 40, 'learning_rate': 0.2, 'max_depth': 5}
[INFO] 2021-02-07 14:27:22,700 >>	ACCURACY: 0.8226711560044894
[INFO] 2021-02-07 14:27:22,701 >>	LOGLOSS: 2.858203351493119
[INFO] 2021-02-07 14:27:22,701 >>	data size: 891
[INFO] 2021-02-07 14:27:22,702 >>	correct predictions: 733
[INFO] 2021-02-07 14:27:22,703 >>
