[INFO] 2021-02-13 16:08:01,101 >>	=== NN KERAS MODEL ===
[INFO] 2021-02-13 16:08:08,712 >>	ACCURACY: 0.7128851540616247
[INFO] 2021-02-13 16:08:08,713 >>	LOGLOSS: 0.5943284557133793
[INFO] 2021-02-13 16:08:08,714 >>	data size: 714
[INFO] 2021-02-13 16:08:08,715 >>	correct predictions: 509
[INFO] 2021-02-13 16:08:08,716 >>	
[INFO] 2021-02-13 16:10:24,301 >>	=== NN KERAS MODEL ===
[INFO] 2021-02-13 16:10:28,970 >>	=== NN KERAS MODEL ===
[INFO] 2021-02-13 16:11:28,604 >>	=== NN KERAS MODEL ===
[INFO] 2021-02-13 16:35:14,653 >>	=== NN KERAS MODEL ===
[INFO] 2021-02-13 16:36:00,583 >>	=== NN KERAS MODEL ===
[INFO] 2021-02-13 16:58:07,476 >>	=== NN KERAS MODEL ===
[INFO] 2021-02-13 16:58:41,152 >>	=== NN KERAS MODEL ===
[INFO] 2021-02-13 17:01:08,911 >>	=== NN KERAS MODEL ===
[INFO] 2021-02-13 17:04:35,895 >>	=== NN KERAS MODEL ===
[INFO] 2021-02-13 17:05:23,851 >>	=== NN KERAS MODEL ===
[INFO] 2021-02-13 17:05:58,193 >>	=== NN KERAS MODEL ===
[INFO] 2021-02-13 17:06:12,329 >>	=== NN KERAS MODEL ===
[INFO] 2021-02-13 17:06:25,350 >>	=== NN KERAS MODEL ===
[INFO] 2021-02-13 17:06:45,561 >>	=== NN KERAS MODEL ===
[INFO] 2021-02-13 17:11:42,817 >>	=== NN KERAS MODEL ===
[INFO] 2021-02-13 17:12:19,849 >>	=== NN KERAS MODEL ===
[INFO] 2021-02-13 17:13:18,964 >>	=== NN KERAS MODEL ===
[INFO] 2021-02-13 17:13:41,944 >>	=== NN KERAS MODEL ===
[INFO] 2021-02-13 17:18:56,815 >>	=== NN KERAS MODEL ===
[INFO] 2021-02-13 17:20:14,431 >>	=== NN KERAS MODEL ===
[INFO] 2021-02-13 17:21:39,085 >>	=== NN KERAS MODEL ===
[INFO] 2021-02-13 17:23:07,087 >>	=== NN KERAS MODEL ===
[INFO] 2021-02-13 17:23:13,271 >>	=== NN KERAS MODEL ===
[INFO] 2021-02-13 17:23:44,396 >>	=== NN KERAS MODEL ===
[INFO] 2021-02-13 17:31:25,184 >>	=== NN KERAS MODEL ===
[INFO] 2021-02-13 17:31:49,303 >>	=== NN KERAS MODEL ===
[INFO] 2021-02-13 17:32:10,395 >>	=== NN KERAS MODEL ===
[INFO] 2021-02-13 17:37:45,534 >>	=== NN KERAS MODEL ===
[INFO] 2021-02-13 17:37:58,925 >>	=== NN KERAS MODEL ===
[INFO] 2021-02-13 17:38:16,653 >>	=== NN KERAS MODEL ===
[INFO] 2021-02-13 17:38:22,465 >>	ACCURACY: 0.6876750700280112
[INFO] 2021-02-13 17:38:22,466 >>	LOGLOSS: 0.6272392979710877
[INFO] 2021-02-13 17:38:22,466 >>	data size: 714
[INFO] 2021-02-13 17:38:22,468 >>	correct predictions: 491
[INFO] 2021-02-13 17:38:22,469 >>	
[INFO] 2021-02-13 17:38:22,835 >>	=== NN KERAS MODEL ===
[INFO] 2021-02-13 17:38:28,614 >>	=== NN KERAS MODEL ===
[INFO] 2021-02-13 17:39:26,490 >>	=== NN KERAS MODEL ===
[INFO] 2021-02-13 17:41:28,006 >>	=== NN KERAS MODEL ===
[INFO] 2021-02-13 17:42:04,117 >>	=== NN KERAS MODEL ===
[INFO] 2021-02-13 17:42:10,409 >>	ACCURACY: 0.696078431372549
[INFO] 2021-02-13 17:42:10,410 >>	LOGLOSS: 0.6212807884454118
[INFO] 2021-02-13 17:42:10,411 >>	data size: 714
[INFO] 2021-02-13 17:42:10,412 >>	correct predictions: 497
[INFO] 2021-02-13 17:42:10,412 >>	
[INFO] 2021-02-13 17:42:10,731 >>	=== NN KERAS MODEL ===
[INFO] 2021-02-13 17:42:16,216 >>	=== NN KERAS MODEL ===
[INFO] 2021-02-13 18:20:20,790 >>	=== NN KERAS MODEL ===
[INFO] 2021-02-13 18:21:17,032 >>	=== NN KERAS MODEL ===
[INFO] 2021-02-13 18:55:09,110 >>	ACCURACY: 0.8215488215488216
[INFO] 2021-02-13 18:55:09,110 >>	ACCURACY: 0.8215488215488216
[INFO] 2021-02-13 18:55:09,114 >>	LOGLOSS: 0.3982868915077249
[INFO] 2021-02-13 18:55:09,114 >>	LOGLOSS: 0.3982868915077249
[INFO] 2021-02-13 18:55:09,115 >>	data size: 891
[INFO] 2021-02-13 18:55:09,115 >>	data size: 891
[INFO] 2021-02-13 18:55:09,116 >>	correct predictions: 732
[INFO] 2021-02-13 18:55:09,116 >>	correct predictions: 732
[INFO] 2021-02-13 18:55:09,117 >>	
[INFO] 2021-02-13 18:55:09,117 >>	
[INFO] 2021-02-13 18:55:26,056 >>	=== NN KERAS MODEL ===
[INFO] 2021-02-13 18:55:26,056 >>	=== NN KERAS MODEL ===
[INFO] 2021-02-13 18:55:32,924 >>	ACCURACY: 0.8125701459034792
[INFO] 2021-02-13 18:55:32,924 >>	ACCURACY: 0.8125701459034792
[INFO] 2021-02-13 18:55:32,925 >>	LOGLOSS: 0.40712111148459723
[INFO] 2021-02-13 18:55:32,925 >>	LOGLOSS: 0.40712111148459723
[INFO] 2021-02-13 18:55:32,926 >>	data size: 891
[INFO] 2021-02-13 18:55:32,926 >>	data size: 891
[INFO] 2021-02-13 18:55:32,927 >>	correct predictions: 724
[INFO] 2021-02-13 18:55:32,927 >>	correct predictions: 724
[INFO] 2021-02-13 18:55:32,928 >>	
[INFO] 2021-02-13 18:55:32,928 >>	
[INFO] 2021-02-13 18:55:55,552 >>	ACCURACY: 0.8125701459034792
[INFO] 2021-02-13 18:55:55,552 >>	ACCURACY: 0.8125701459034792
[INFO] 2021-02-13 18:55:55,554 >>	LOGLOSS: 0.40497709072122134
[INFO] 2021-02-13 18:55:55,554 >>	LOGLOSS: 0.40497709072122134
[INFO] 2021-02-13 18:55:55,555 >>	data size: 891
[INFO] 2021-02-13 18:55:55,555 >>	data size: 891
[INFO] 2021-02-13 18:55:55,556 >>	correct predictions: 724
[INFO] 2021-02-13 18:55:55,556 >>	correct predictions: 724
[INFO] 2021-02-13 18:55:55,558 >>	
[INFO] 2021-02-13 18:55:55,558 >>	
[INFO] 2021-02-13 18:56:06,187 >>	ACCURACY: 0.8069584736251403
[INFO] 2021-02-13 18:56:06,187 >>	ACCURACY: 0.8069584736251403
[INFO] 2021-02-13 18:56:06,188 >>	LOGLOSS: 0.4168738105639098
[INFO] 2021-02-13 18:56:06,188 >>	LOGLOSS: 0.4168738105639098
[INFO] 2021-02-13 18:56:06,190 >>	data size: 891
[INFO] 2021-02-13 18:56:06,190 >>	data size: 891
[INFO] 2021-02-13 18:56:06,191 >>	correct predictions: 719
[INFO] 2021-02-13 18:56:06,191 >>	correct predictions: 719
[INFO] 2021-02-13 18:56:06,192 >>	
[INFO] 2021-02-13 18:56:06,192 >>	
[INFO] 2021-02-13 18:56:26,844 >>	=== NN KERAS MODEL ===
[INFO] 2021-02-13 18:56:34,104 >>	ACCURACY: 0.7044817927170869
[INFO] 2021-02-13 18:56:34,104 >>	LOGLOSS: 0.6226931122767609
[INFO] 2021-02-13 18:56:34,105 >>	data size: 714
[INFO] 2021-02-13 18:56:34,106 >>	correct predictions: 503
[INFO] 2021-02-13 18:56:34,106 >>	
[INFO] 2021-02-13 18:56:44,239 >>	ACCURACY: 0.7086834733893558
[INFO] 2021-02-13 18:56:44,240 >>	LOGLOSS: 0.6047206470350572
[INFO] 2021-02-13 18:56:44,240 >>	data size: 714
[INFO] 2021-02-13 18:56:44,241 >>	correct predictions: 506
[INFO] 2021-02-13 18:56:44,242 >>	
[INFO] 2021-02-13 18:57:05,015 >>	ACCURACY: 0.6904761904761905
[INFO] 2021-02-13 18:57:05,016 >>	LOGLOSS: 0.6087579610718399
[INFO] 2021-02-13 18:57:05,016 >>	data size: 714
[INFO] 2021-02-13 18:57:05,017 >>	correct predictions: 493
[INFO] 2021-02-13 18:57:05,018 >>	
[INFO] 2021-02-13 18:57:28,122 >>	ACCURACY: 0.7044817927170869
[INFO] 2021-02-13 18:57:28,123 >>	LOGLOSS: 0.6108229512117898
[INFO] 2021-02-13 18:57:28,124 >>	data size: 714
[INFO] 2021-02-13 18:57:28,124 >>	correct predictions: 503
[INFO] 2021-02-13 18:57:28,125 >>	
[INFO] 2021-02-13 19:10:05,739 >>	=== NN KERAS MODEL ===
[INFO] 2021-02-13 19:10:12,370 >>	ACCURACY: 0.6904761904761905
[INFO] 2021-02-13 19:10:12,370 >>	LOGLOSS: 0.6126575050569526
[INFO] 2021-02-13 19:10:12,371 >>	data size: 714
[INFO] 2021-02-13 19:10:12,371 >>	correct predictions: 493
[INFO] 2021-02-13 19:10:12,372 >>	
[INFO] 2021-02-13 19:10:12,781 >>	=== NN KERAS MODEL ===
[INFO] 2021-02-13 19:11:52,963 >>	=== NN KERAS MODEL ===
[INFO] 2021-02-13 19:11:59,781 >>	ACCURACY: 0.7128851540616247
[INFO] 2021-02-13 19:11:59,782 >>	LOGLOSS: 0.6396234682271993
[INFO] 2021-02-13 19:11:59,782 >>	data size: 714
[INFO] 2021-02-13 19:11:59,783 >>	correct predictions: 509
[INFO] 2021-02-13 19:11:59,783 >>	
[INFO] 2021-02-13 19:12:00,217 >>	=== NN KERAS MODEL ===
[INFO] 2021-02-13 19:12:13,303 >>	=== NN KERAS MODEL ===
[INFO] 2021-02-13 19:44:03,818 >>	=== NN KERAS MODEL ===
