[INFO] 2021-02-11 17:50:54,812 >>	=== NN KERAS MODEL ===
[INFO] 2021-02-11 17:53:11,558 >>	ACCURACY: 0.7212885154061625
[INFO] 2021-02-11 17:53:11,559 >>	LOGLOSS: 0.5472871095239724
[INFO] 2021-02-11 17:53:11,560 >>	data size: 714
[INFO] 2021-02-11 17:53:11,560 >>	correct predictions: 515
[INFO] 2021-02-11 17:53:11,561 >>	
[INFO] 2021-02-11 19:53:01,946 >>	=== NN KERAS MODEL ===
[INFO] 2021-02-11 19:53:08,477 >>	ACCURACY: 0.6904761904761905
[INFO] 2021-02-11 19:53:08,478 >>	LOGLOSS: 0.6647316619301546
[INFO] 2021-02-11 19:53:08,478 >>	data size: 714
[INFO] 2021-02-11 19:53:08,479 >>	correct predictions: 493
[INFO] 2021-02-11 19:53:08,480 >>	
[INFO] 2021-02-11 19:56:58,927 >>	=== NN KERAS MODEL ===
[INFO] 2021-02-11 19:57:05,229 >>	ACCURACY: 0.6372549019607843
[INFO] 2021-02-11 19:57:05,230 >>	LOGLOSS: 0.6637444777466439
[INFO] 2021-02-11 19:57:05,231 >>	data size: 714
[INFO] 2021-02-11 19:57:05,232 >>	correct predictions: 455
[INFO] 2021-02-11 19:57:05,235 >>	
[INFO] 2021-02-11 20:14:36,841 >>	=== XGB MODEL ===
[INFO] 2021-02-11 20:14:36,842 >>	PARAMS: {'model_name': 'base_model', 'num_round': 10}
[INFO] 2021-02-11 20:14:50,476 >>	ACCURACY: 0.6924803591470258
[INFO] 2021-02-11 20:14:50,477 >>	LOGLOSS: 0.591436999874016
[INFO] 2021-02-11 20:14:50,477 >>	data size: 891
[INFO] 2021-02-11 20:14:50,478 >>	correct predictions: 617
[INFO] 2021-02-11 20:14:50,479 >>	
[INFO] 2021-02-11 20:16:23,547 >>	=== XGB MODEL ===
[INFO] 2021-02-11 20:16:23,548 >>	PARAMS: {'model_name': 'without_emberked_col', 'num_round': 10}
[INFO] 2021-02-11 20:16:28,502 >>	ACCURACY: 0.8181818181818182
[INFO] 2021-02-11 20:16:28,503 >>	LOGLOSS: 0.44077309764143996
[INFO] 2021-02-11 20:16:28,504 >>	data size: 891
[INFO] 2021-02-11 20:16:28,505 >>	correct predictions: 729
[INFO] 2021-02-11 20:16:28,506 >>	
[INFO] 2021-02-11 20:17:57,192 >>	=== XGB MODEL ===
[INFO] 2021-02-11 20:17:57,193 >>	PARAMS: {'model_name': 'base_model', 'num_round': 10}
[INFO] 2021-02-11 20:18:04,416 >>	=== XGB MODEL ===
[INFO] 2021-02-11 20:18:04,417 >>	PARAMS: {'model_name': 'base_model', 'num_round': 10}
[INFO] 2021-02-11 20:18:05,631 >>	ACCURACY: 0.6924803591470258
[INFO] 2021-02-11 20:18:05,632 >>	LOGLOSS: 0.591436999874016
[INFO] 2021-02-11 20:18:05,632 >>	data size: 891
[INFO] 2021-02-11 20:18:05,633 >>	correct predictions: 617
[INFO] 2021-02-11 20:18:05,633 >>	
[INFO] 2021-02-11 20:18:18,340 >>	=== XGB MODEL ===
[INFO] 2021-02-11 20:18:18,351 >>	PARAMS: {'model_name': 'without_emberked_col', 'num_round': 10}
[INFO] 2021-02-11 20:18:18,559 >>	ACCURACY: 0.8181818181818182
[INFO] 2021-02-11 20:18:18,560 >>	LOGLOSS: 0.44077309764143996
[INFO] 2021-02-11 20:18:18,561 >>	data size: 891
[INFO] 2021-02-11 20:18:18,562 >>	correct predictions: 729
[INFO] 2021-02-11 20:18:18,563 >>	
[INFO] 2021-02-11 20:21:42,255 >>	ACCURACY: 0.8181818181818182
[INFO] 2021-02-11 20:21:42,256 >>	LOGLOSS: 0.44077309764143996
[INFO] 2021-02-11 20:21:42,258 >>	data size: 891
[INFO] 2021-02-11 20:21:42,259 >>	correct predictions: 729
[INFO] 2021-02-11 20:21:42,259 >>	
[INFO] 2021-02-11 20:21:43,723 >>	ACCURACY: 0.8181818181818182
[INFO] 2021-02-11 20:21:43,724 >>	LOGLOSS: 0.44077309764143996
[INFO] 2021-02-11 20:21:43,724 >>	data size: 891
[INFO] 2021-02-11 20:21:43,725 >>	correct predictions: 729
[INFO] 2021-02-11 20:21:43,726 >>	
[INFO] 2021-02-11 20:23:34,404 >>	=== XGB MODEL ===
[INFO] 2021-02-11 20:23:34,406 >>	PARAMS: {'model_name': 'with_age_group_col', 'num_round': 10}
[INFO] 2021-02-11 20:23:39,651 >>	ACCURACY: 0.6790123456790124
[INFO] 2021-02-11 20:23:39,652 >>	LOGLOSS: 0.6000599850148932
[INFO] 2021-02-11 20:23:39,652 >>	data size: 891
[INFO] 2021-02-11 20:23:39,653 >>	correct predictions: 605
[INFO] 2021-02-11 20:23:39,654 >>	
=== WITHOUT PASSENGER ID
[INFO] 2021-02-11 20:25:33,115 >>	=== XGB MODEL ===
[INFO] 2021-02-11 20:25:33,116 >>	PARAMS: {'model_name': 'without_emberked_col', 'num_round': 10}
[INFO] 2021-02-11 20:25:37,637 >>	ACCURACY: 0.8237934904601572
[INFO] 2021-02-11 20:25:37,638 >>	LOGLOSS: 0.4283875759343975
[INFO] 2021-02-11 20:25:37,639 >>	data size: 891
[INFO] 2021-02-11 20:25:37,640 >>	correct predictions: 734
[INFO] 2021-02-11 20:25:37,640 >>	
[INFO] 2021-02-11 20:26:32,954 >>	=== XGB MODEL ===
[INFO] 2021-02-11 20:26:32,955 >>	PARAMS: {'model_name': 'with_age_group_col', 'num_round': 10}
[INFO] 2021-02-11 20:26:34,825 >>	ACCURACY: 0.7227833894500562
[INFO] 2021-02-11 20:26:34,826 >>	LOGLOSS: 0.5756773495990218
[INFO] 2021-02-11 20:26:34,827 >>	data size: 891
[INFO] 2021-02-11 20:26:34,827 >>	correct predictions: 644
[INFO] 2021-02-11 20:26:34,828 >>	
[INFO] 2021-02-11 20:28:17,359 >>	=== XGB MODEL ===
[INFO] 2021-02-11 20:28:17,360 >>	PARAMS: {'model_name': 'without_emberked_col', 'num_round': 10}
[INFO] 2021-02-11 20:28:18,168 >>	ACCURACY: 0.8237934904601572
[INFO] 2021-02-11 20:28:18,169 >>	LOGLOSS: 0.4283875759343975
[INFO] 2021-02-11 20:28:18,170 >>	data size: 891
[INFO] 2021-02-11 20:28:18,170 >>	correct predictions: 734
[INFO] 2021-02-11 20:28:18,171 >>
[INFO] 2021-02-11 20:28:39,383 >>	=== XGB MODEL ===
[INFO] 2021-02-11 20:28:39,385 >>	PARAMS: {'model_name': 'without_embarked_and_more_num_rounds', 'num_round': 15}
[INFO] 2021-02-11 20:28:42,794 >>	ACCURACY: 0.8215488215488216
[INFO] 2021-02-11 20:28:42,795 >>	LOGLOSS: 0.43085336870399926
[INFO] 2021-02-11 20:28:42,795 >>	data size: 891
[INFO] 2021-02-11 20:28:42,796 >>	correct predictions: 732
[INFO] 2021-02-11 20:28:42,797 >>	
[INFO] 2021-02-11 20:31:42,235 >>	=== XGB SKLEARN MODEL ===
[INFO] 2021-02-11 20:31:42,237 >>	PARAMS: {'model_name': 'sklearn', 'n_estimator': 15, 'learning_rate': 0.2, 'max_depth': None}
[INFO] 2021-02-11 20:31:42,331 >>	ACCURACY: 0.8215488215488216
[INFO] 2021-02-11 20:31:42,332 >>	LOGLOSS: 2.8762932454861607
[INFO] 2021-02-11 20:31:42,332 >>	data size: 891
[INFO] 2021-02-11 20:31:42,333 >>	correct predictions: 732
[INFO] 2021-02-11 20:31:42,334 >>	
[INFO] 2021-02-11 20:31:56,403 >>	=== XGB SKLEARN MODEL ===
[INFO] 2021-02-11 20:31:56,404 >>	PARAMS: {'model_name': 'slearn', 'n_estimator': 100, 'learning_rate': 0.03, 'max_depth': None}
[INFO] 2021-02-11 20:32:22,330 >>	=== XGB SKLEARN MODEL ===
[INFO] 2021-02-11 20:32:22,331 >>	PARAMS: {'model_name': 'slearn', 'n_estimator': 100, 'learning_rate': 0.03, 'max_depth': None}
[INFO] 2021-02-11 20:32:22,713 >>	ACCURACY: 0.8204264870931538
[INFO] 2021-02-11 20:32:22,713 >>	LOGLOSS: 2.894383139483928
[INFO] 2021-02-11 20:32:22,714 >>	data size: 891
[INFO] 2021-02-11 20:32:22,715 >>	correct predictions: 731
[INFO] 2021-02-11 20:32:22,716 >>	
[INFO] 2021-02-11 20:33:35,516 >>	=== XGB SKLEARN MODEL ===
[INFO] 2021-02-11 20:33:35,517 >>	PARAMS: {'model_name': 'sklearn_without_passenger_id', 'n_estimator': 20, 'learning_rate': 0.2, 'max_depth': None}
[INFO] 2021-02-11 20:33:35,615 >>	ACCURACY: 0.8215488215488216
[INFO] 2021-02-11 20:33:35,616 >>	LOGLOSS: 2.876293245487933
[INFO] 2021-02-11 20:33:35,616 >>	data size: 891
[INFO] 2021-02-11 20:33:35,617 >>	correct predictions: 732
[INFO] 2021-02-11 20:33:35,618 >>	
[INFO] 2021-02-11 20:46:09,554 >>	=== XGB SKLEARN MODEL ===
[INFO] 2021-02-11 20:46:09,555 >>	PARAMS: {'model_name': 'grid_search', 'n_estimator': 40, 'learning_rate': 0.2, 'max_depth': 5}
[INFO] 2021-02-11 20:46:09,674 >>	ACCURACY: 0.8215488215488216
[INFO] 2021-02-11 20:46:09,675 >>	LOGLOSS: 2.876293245489114
[INFO] 2021-02-11 20:46:09,676 >>	data size: 891
[INFO] 2021-02-11 20:46:09,677 >>	correct predictions: 732
[INFO] 2021-02-11 20:46:09,678 >>	
[INFO] 2021-02-11 20:46:09,679 >>	=== XGB SKLEARN MODEL ===
[INFO] 2021-02-11 20:46:09,680 >>	PARAMS: {'model_name': 'grid_search', 'n_estimator': 60, 'learning_rate': 0.1, 'max_depth': 15}
[INFO] 2021-02-11 20:46:09,984 >>	ACCURACY: 0.8249158249158249
[INFO] 2021-02-11 20:46:09,985 >>	LOGLOSS: 2.8220235634987647
[INFO] 2021-02-11 20:46:09,986 >>	data size: 891
[INFO] 2021-02-11 20:46:09,986 >>	correct predictions: 735
[INFO] 2021-02-11 20:46:09,987 >>	
[INFO] 2021-02-11 20:46:09,988 >>	=== XGB SKLEARN MODEL ===
[INFO] 2021-02-11 20:46:09,989 >>	PARAMS: {'model_name': 'grid_search', 'n_estimator': 60, 'learning_rate': 0.05, 'max_depth': 10}
[INFO] 2021-02-11 20:46:10,204 >>	ACCURACY: 0.8237934904601572
[INFO] 2021-02-11 20:46:10,205 >>	LOGLOSS: 2.84011345749476
[INFO] 2021-02-11 20:46:10,206 >>	data size: 891
[INFO] 2021-02-11 20:46:10,207 >>	correct predictions: 734
[INFO] 2021-02-11 20:46:10,207 >>	
[INFO] 2021-02-11 20:46:10,208 >>	=== XGB SKLEARN MODEL ===
[INFO] 2021-02-11 20:46:10,209 >>	PARAMS: {'model_name': 'grid_search', 'n_estimator': 15, 'learning_rate': 0.025, 'max_depth': 10}
[INFO] 2021-02-11 20:46:10,342 >>	ACCURACY: 0.8092031425364759
[INFO] 2021-02-11 20:46:10,343 >>	LOGLOSS: 3.0752820794551075
[INFO] 2021-02-11 20:46:10,343 >>	data size: 891
[INFO] 2021-02-11 20:46:10,344 >>	correct predictions: 721
[INFO] 2021-02-11 20:46:10,345 >>	
