[INFO] 2021-02-12 19:38:33,852 >>	=== NN KERAS MODEL ===
[INFO] 2021-02-12 19:38:40,563 >>	ACCURACY: 0.6596638655462185
[INFO] 2021-02-12 19:38:40,564 >>	LOGLOSS: 0.6552539868860737
[INFO] 2021-02-12 19:38:40,565 >>	data size: 714
[INFO] 2021-02-12 19:38:40,566 >>	correct predictions: 471
[INFO] 2021-02-12 19:38:40,566 >>	
[INFO] 2021-02-12 19:48:23,054 >>	=== NN KERAS MODEL ===
[INFO] 2021-02-12 19:48:29,637 >>	ACCURACY: 0.6736694677871149
[INFO] 2021-02-12 19:48:29,638 >>	LOGLOSS: 0.6381538043666699
[INFO] 2021-02-12 19:48:29,638 >>	data size: 714
[INFO] 2021-02-12 19:48:29,639 >>	correct predictions: 481
[INFO] 2021-02-12 19:48:29,640 >>	
[INFO] 2021-02-12 19:50:19,078 >>	=== NN KERAS MODEL ===
[INFO] 2021-02-12 19:53:18,956 >>	=== NN KERAS MODEL ===
[INFO] 2021-02-12 19:53:26,362 >>	ACCURACY: 0.6764705882352942
[INFO] 2021-02-12 19:53:26,365 >>	LOGLOSS: 0.6265302952909705
[INFO] 2021-02-12 19:53:26,366 >>	data size: 714
[INFO] 2021-02-12 19:53:26,367 >>	correct predictions: 483
[INFO] 2021-02-12 19:53:26,368 >>	
[INFO] 2021-02-12 19:57:48,761 >>	=== NN KERAS MODEL ===
[INFO] 2021-02-12 19:58:11,165 >>	=== NN KERAS MODEL ===
[INFO] 2021-02-12 20:00:57,191 >>	=== NN KERAS MODEL ===
[INFO] 2021-02-12 20:01:24,998 >>	=== NN KERAS MODEL ===
[INFO] 2021-02-12 20:01:32,253 >>	ACCURACY: 0.6456582633053222
[INFO] 2021-02-12 20:01:32,254 >>	LOGLOSS: 0.649574033421639
[INFO] 2021-02-12 20:01:32,255 >>	data size: 714
[INFO] 2021-02-12 20:01:32,256 >>	correct predictions: 461
[INFO] 2021-02-12 20:01:32,257 >>	
[INFO] 2021-02-12 20:04:37,230 >>	=== NN KERAS MODEL ===
[INFO] 2021-02-12 20:07:10,282 >>	=== NN KERAS MODEL ===
[INFO] 2021-02-12 20:16:40,634 >>	=== NN KERAS MODEL ===
[INFO] 2021-02-12 20:16:47,847 >>	ACCURACY: 0.6638655462184874
[INFO] 2021-02-12 20:16:47,851 >>	LOGLOSS: 0.6514127881856243
[INFO] 2021-02-12 20:16:47,853 >>	data size: 714
[INFO] 2021-02-12 20:16:47,854 >>	correct predictions: 474
[INFO] 2021-02-12 20:16:47,855 >>	
[INFO] 2021-02-12 20:34:31,470 >>	=== NN KERAS MODEL ===
[INFO] 2021-02-12 20:34:38,219 >>	ACCURACY: 0.6722689075630253
[INFO] 2021-02-12 20:34:38,220 >>	LOGLOSS: 0.6444134080759462
[INFO] 2021-02-12 20:34:38,221 >>	data size: 714
[INFO] 2021-02-12 20:34:38,222 >>	correct predictions: 480
[INFO] 2021-02-12 20:34:38,223 >>	
[INFO] 2021-02-12 20:41:24,473 >>	=== NN KERAS MODEL ===
[INFO] 2021-02-12 20:41:30,983 >>	ACCURACY: 0.592436974789916
[INFO] 2021-02-12 20:41:30,984 >>	LOGLOSS: 0.706781383583838
[INFO] 2021-02-12 20:41:30,984 >>	data size: 714
[INFO] 2021-02-12 20:41:30,985 >>	correct predictions: 423
[INFO] 2021-02-12 20:41:30,986 >>	
[INFO] 2021-02-12 20:47:26,254 >>	=== NN KERAS MODEL ===
[INFO] 2021-02-12 20:47:33,775 >>	ACCURACY: 0.6554621848739496
[INFO] 2021-02-12 20:47:33,776 >>	LOGLOSS: 0.6871539358245613
[INFO] 2021-02-12 20:47:33,777 >>	data size: 714
[INFO] 2021-02-12 20:47:33,777 >>	correct predictions: 468
[INFO] 2021-02-12 20:47:33,778 >>	
[INFO] 2021-02-12 20:53:30,414 >>	=== NN KERAS MODEL ===
[INFO] 2021-02-12 20:53:37,633 >>	ACCURACY: 0.6918767507002801
[INFO] 2021-02-12 20:53:37,634 >>	LOGLOSS: 0.6379041587143122
[INFO] 2021-02-12 20:53:37,635 >>	data size: 714
[INFO] 2021-02-12 20:53:37,635 >>	correct predictions: 494
[INFO] 2021-02-12 20:53:37,636 >>	
[INFO] 2021-02-12 20:55:07,312 >>	=== NN KERAS MODEL ===
[INFO] 2021-02-12 20:55:14,250 >>	ACCURACY: 0.6876750700280112
[INFO] 2021-02-12 20:55:14,251 >>	LOGLOSS: 0.6144956433519471
[INFO] 2021-02-12 20:55:14,252 >>	data size: 714
[INFO] 2021-02-12 20:55:14,253 >>	correct predictions: 491
[INFO] 2021-02-12 20:55:14,254 >>	
[INFO] 2021-02-12 20:56:18,130 >>	=== NN KERAS MODEL ===
[INFO] 2021-02-12 20:56:24,743 >>	ACCURACY: 0.7184873949579832
[INFO] 2021-02-12 20:56:24,744 >>	LOGLOSS: 0.6125892929025829
[INFO] 2021-02-12 20:56:24,745 >>	data size: 714
[INFO] 2021-02-12 20:56:24,745 >>	correct predictions: 513
[INFO] 2021-02-12 20:56:24,746 >>	
[INFO] 2021-02-12 20:57:50,356 >>	=== NN KERAS MODEL ===
[INFO] 2021-02-12 20:57:57,105 >>	ACCURACY: 0.6988795518207283
[INFO] 2021-02-12 20:57:57,105 >>	LOGLOSS: 0.595380212622499
[INFO] 2021-02-12 20:57:57,106 >>	data size: 714
[INFO] 2021-02-12 20:57:57,106 >>	correct predictions: 499
[INFO] 2021-02-12 20:57:57,107 >>	
[INFO] 2021-02-12 20:58:51,758 >>	=== NN KERAS MODEL ===
[INFO] 2021-02-12 20:58:59,211 >>	ACCURACY: 0.7170868347338936
[INFO] 2021-02-12 20:58:59,212 >>	LOGLOSS: 0.6098663220217931
[INFO] 2021-02-12 20:58:59,213 >>	data size: 714
[INFO] 2021-02-12 20:58:59,214 >>	correct predictions: 512
[INFO] 2021-02-12 20:58:59,214 >>	
[INFO] 2021-02-12 23:02:48,431 >>	=== NN KERAS MODEL ===
[INFO] 2021-02-12 23:04:07,007 >>	=== NN KERAS MODEL ===
[INFO] 2021-02-12 23:42:55,706 >>	=== NN KERAS MODEL ===
[INFO] 2021-02-12 23:45:50,538 >>	=== NN KERAS MODEL ===
[INFO] 2021-02-12 23:56:21,140 >>	=== NN KERAS MODEL ===
[INFO] 2021-02-13 00:01:53,466 >>	=== NN KERAS MODEL ===
[INFO] 2021-02-13 00:03:17,685 >>	=== NN KERAS MODEL ===
[INFO] 2021-02-13 00:06:39,088 >>	=== NN KERAS MODEL ===
[INFO] 2021-02-13 00:12:25,792 >>	=== NN KERAS MODEL ===
[INFO] 2021-02-13 00:12:40,204 >>	=== NN KERAS MODEL ===
[INFO] 2021-02-13 00:14:18,142 >>	=== NN KERAS MODEL ===
[INFO] 2021-02-13 00:14:34,668 >>	=== NN KERAS MODEL ===
