[INFO] 2020-12-31 20:37:20,387 >>	=== XGB MODEL LOGGING STARTED ===
[INFO] 2020-12-31 20:37:20,388 >>	EXP VERSION: 2020123101
[INFO] 2020-12-31 20:37:20,389 >>	MODEL NAME: BASE MODEL
[INFO] 2020-12-31 20:37:20,521 >>	accuracy: 0.8181818181818182
[INFO] 2020-12-31 20:37:20,524 >>	logloss: 0.43778297150827417
[INFO] 2020-12-31 20:37:21,685 >>	=== XGB MODEL LOGGING STARTED ===
[INFO] 2020-12-31 20:37:21,686 >>	EXP VERSION: 2020123101
[INFO] 2020-12-31 20:37:21,688 >>	MODEL NAME: MODEL WITHOUT EMBARKED
[INFO] 2020-12-31 20:37:22,129 >>	accuracy: 0.8181818181818182
[INFO] 2020-12-31 20:37:22,132 >>	logloss: 0.44077309764143996
[INFO] 2020-12-31 20:37:24,281 >>	=== XGB MODEL LOGGING STARTED ===
[INFO] 2020-12-31 20:37:24,282 >>	EXP VERSION: 2020123101
[INFO] 2020-12-31 20:37:24,282 >>	MODEL NAME: MODEL WITH AGEGROUP
[INFO] 2020-12-31 20:37:24,458 >>	accuracy: 0.8181818181818182
[INFO] 2020-12-31 20:37:24,461 >>	logloss: 0.43778297150827417
[INFO] 2020-12-31 20:37:28,414 >>	=== XGB MODEL LOGGING STARTED ===
[INFO] 2020-12-31 20:37:28,415 >>	EXP VERSION: 2020123101
[INFO] 2020-12-31 20:37:28,416 >>	MODEL NAME: MODEL WITH AGEGROUP WITH NUM ROUND CHANGED
[INFO] 2020-12-31 20:37:36,658 >>	accuracy: 0.8181818181818182
[INFO] 2020-12-31 20:37:36,661 >>	logloss: 0.43778297150827417
[INFO] 2020-12-31 20:37:49,447 >>	=== XGB MODEL LOGGING STARTED ===
[INFO] 2020-12-31 20:37:49,448 >>	EXP VERSION: 2020123101
[INFO] 2020-12-31 20:37:49,448 >>	MODEL NAME: MODEL WITH AGEGROUP WITH NUM ROUND CHANGED
[INFO] 2020-12-31 20:37:51,228 >>	accuracy: 0.8181818181818182
[INFO] 2020-12-31 20:37:51,231 >>	logloss: 0.43778297150827417
[INFO] 2020-12-31 20:38:07,430 >>	=== XGB MODEL LOGGING STARTED ===
[INFO] 2020-12-31 20:38:07,433 >>	EXP VERSION: 2020123101
[INFO] 2020-12-31 20:38:07,433 >>	MODEL NAME: MODEL WITH AGEGROUP WITH NUM ROUND CHANGED
[INFO] 2020-12-31 20:38:09,458 >>	accuracy: 0.8181818181818182
[INFO] 2020-12-31 20:38:09,460 >>	logloss: 0.43778297150827417
[INFO] 2020-12-31 20:38:47,108 >>	=== XGB MODEL LOGGING STARTED ===
[INFO] 2020-12-31 20:38:47,109 >>	EXP VERSION: 2020123101
[INFO] 2020-12-31 20:38:47,110 >>	MODEL NAME: MODEL WITH AGEGROUP WITH NUM ROUND CHANGED
