[INFO] 2021-02-14 08:59:28,570 >>	=== NN KERAS MODEL ===
[INFO] 2021-02-14 09:06:28,326 >>	=== NN KERAS MODEL ===
[INFO] 2021-02-14 09:06:35,966 >>	ACCURACY: 0.7044817927170869
[INFO] 2021-02-14 09:06:35,967 >>	LOGLOSS: 0.6056700201427266
[INFO] 2021-02-14 09:06:35,967 >>	data size: 714
[INFO] 2021-02-14 09:06:35,968 >>	correct predictions: 503
[INFO] 2021-02-14 09:06:35,969 >>	
[INFO] 2021-02-14 09:08:16,009 >>	=== NN KERAS MODEL ===
[INFO] 2021-02-14 09:09:27,047 >>	=== NN KERAS MODEL ===
[INFO] 2021-02-14 09:09:33,388 >>	ACCURACY: 0.7016806722689075
[INFO] 2021-02-14 09:09:33,389 >>	LOGLOSS: 0.6138802982633669
[INFO] 2021-02-14 09:09:33,390 >>	data size: 714
[INFO] 2021-02-14 09:09:33,390 >>	correct predictions: 501
[INFO] 2021-02-14 09:09:33,391 >>	
[INFO] 2021-02-14 09:19:33,671 >>	=== NN KERAS MODEL ===
[INFO] 2021-02-14 09:19:39,540 >>	ACCURACY: 0.6988795518207283
[INFO] 2021-02-14 09:19:39,541 >>	LOGLOSS: 0.620898182025011
[INFO] 2021-02-14 09:19:39,541 >>	data size: 714
[INFO] 2021-02-14 09:19:39,542 >>	correct predictions: 499
[INFO] 2021-02-14 09:19:39,543 >>	
[INFO] 2021-02-14 09:21:22,291 >>	=== NN KERAS MODEL ===
[INFO] 2021-02-14 09:21:27,981 >>	ACCURACY: 0.6792717086834734
[INFO] 2021-02-14 09:21:27,982 >>	LOGLOSS: 0.6165512822206677
[INFO] 2021-02-14 09:21:27,983 >>	data size: 714
[INFO] 2021-02-14 09:21:27,983 >>	correct predictions: 485
[INFO] 2021-02-14 09:21:27,984 >>	
[INFO] 2021-02-14 10:37:05,956 >>	=== NN KERAS MODEL ===
[INFO] 2021-02-14 10:47:43,949 >>	=== NN KERAS MODEL ===
[INFO] 2021-02-14 10:47:51,176 >>	ACCURACY: 0.6946778711484594
[INFO] 2021-02-14 10:47:51,176 >>	LOGLOSS: 0.6036814957027551
[INFO] 2021-02-14 10:47:51,177 >>	data size: 714
[INFO] 2021-02-14 10:47:51,178 >>	correct predictions: 496
[INFO] 2021-02-14 10:47:51,179 >>	
[INFO] 2021-02-14 10:49:19,879 >>	=== NN KERAS MODEL ===
[INFO] 2021-02-14 10:51:06,967 >>	=== NN KERAS MODEL ===
[INFO] 2021-02-14 10:51:35,786 >>	=== NN KERAS MODEL ===
